<?xml version="1.0" encoding="UTF-8"?>
<!-- Generated by org.testng.reporters.JUnitReportReporter -->
<testsuite hostname="LAPTOP-Q990A920" failures="0" tests="11" name="com.TestLayer.Testing" time="18.575" errors="1" timestamp="2022-01-23T14:17:02 IST" skipped="10">
  <testcase classname="com.TestLayer.Testing" name="setup" time="18.575">
    <error message="session not created: This version of ChromeDriver only supports Chrome version 94
Current browser version is 97.0.4692.99 with binary path C:\Program Files\Google\Chrome\Application\chrome.exe
Build info: version: &#039;3.141.59&#039;, revision: &#039;e82be7d358&#039;, time: &#039;2018-11-14T08:17:03&#039;
System info: host: &#039;LAPTOP-Q990A920&#039;, ip: &#039;192.168.0.101&#039;, os.name: &#039;Windows 10&#039;, os.arch: &#039;amd64&#039;, os.version: &#039;10.0&#039;, java.version: &#039;15.0.1&#039;
Driver info: driver.version: ChromeDriver
remote stacktrace: Backtrace:
	Ordinal0 [0x010EBDE3+2473443]
	Ordinal0 [0x01086661+2057825]
	Ordinal0 [0x00F92438+1057848]
	Ordinal0 [0x00FB054A+1181002]
	Ordinal0 [0x00FAC435+1164341]
	Ordinal0 [0x00FA9CAF+1154223]
	Ordinal0 [0x00FD9ADF+1350367]
	Ordinal0 [0x00FD974A+1349450]
	Ordinal0 [0x00FD55AB+1332651]
	Ordinal0 [0x00FB2104+1188100]
	Ordinal0 [0x00FB2F59+1191769]
	GetHandleVerifier [0x01272266+1549718]
	GetHandleVerifier [0x0131D4A7+2250711]
	GetHandleVerifier [0x0117718B+521403]
	GetHandleVerifier [0x01176229+517465]
	Ordinal0 [0x0108B79D+2078621]
	Ordinal0 [0x0108FB58+2095960]
	Ordinal0 [0x0108FC92+2096274]
	Ordinal0 [0x01099541+2135361]
	BaseThreadInitThunk [0x751E6739+25]
	RtlGetFullPathName_UEx [0x771B8AFF+1215]
	RtlGetFullPathName_UEx [0x771B8ACD+1165]
" type="org.openqa.selenium.SessionNotCreatedException">
      <![CDATA[org.openqa.selenium.SessionNotCreatedException: session not created: This version of ChromeDriver only supports Chrome version 94
Current browser version is 97.0.4692.99 with binary path C:\Program Files\Google\Chrome\Application\chrome.exe
Build info: version: '3.141.59', revision: 'e82be7d358', time: '2018-11-14T08:17:03'
System info: host: 'LAPTOP-Q990A920', ip: '192.168.0.101', os.name: 'Windows 10', os.arch: 'amd64', os.version: '10.0', java.version: '15.0.1'
Driver info: driver.version: ChromeDriver
remote stacktrace: Backtrace:
Ordinal0 [0x010EBDE3+2473443]
Ordinal0 [0x01086661+2057825]
Ordinal0 [0x00F92438+1057848]
Ordinal0 [0x00FB054A+1181002]
Ordinal0 [0x00FAC435+1164341]
Ordinal0 [0x00FA9CAF+1154223]
Ordinal0 [0x00FD9ADF+1350367]
Ordinal0 [0x00FD974A+1349450]
Ordinal0 [0x00FD55AB+1332651]
Ordinal0 [0x00FB2104+1188100]
Ordinal0 [0x00FB2F59+1191769]
GetHandleVerifier [0x01272266+1549718]
GetHandleVerifier [0x0131D4A7+2250711]
GetHandleVerifier [0x0117718B+521403]
GetHandleVerifier [0x01176229+517465]
Ordinal0 [0x0108B79D+2078621]
Ordinal0 [0x0108FB58+2095960]
Ordinal0 [0x0108FC92+2096274]
Ordinal0 [0x01099541+2135361]
BaseThreadInitThunk [0x751E6739+25]
RtlGetFullPathName_UEx [0x771B8AFF+1215]
RtlGetFullPathName_UEx [0x771B8ACD+1165]

at java.base/jdk.internal.reflect.NativeConstructorAccessorImpl.newInstance0(Native Method)
at java.base/jdk.internal.reflect.NativeConstructorAccessorImpl.newInstance(NativeConstructorAccessorImpl.java:64)
at java.base/jdk.internal.reflect.DelegatingConstructorAccessorImpl.newInstance(DelegatingConstructorAccessorImpl.java:45)
at java.base/java.lang.reflect.Constructor.newInstanceWithCaller(Constructor.java:500)
at java.base/java.lang.reflect.Constructor.newInstance(Constructor.java:481)
at org.openqa.selenium.remote.W3CHandshakeResponse.lambda$errorHandler$0(W3CHandshakeResponse.java:62)
at org.openqa.selenium.remote.HandshakeResponse.lambda$getResponseFunction$0(HandshakeResponse.java:30)
at org.openqa.selenium.remote.ProtocolHandshake.lambda$createSession$0(ProtocolHandshake.java:126)
at java.base/java.util.stream.ReferencePipeline$3$1.accept(ReferencePipeline.java:195)
at java.base/java.util.Spliterators$ArraySpliterator.tryAdvance(Spliterators.java:958)
at java.base/java.util.stream.ReferencePipeline.forEachWithCancel(ReferencePipeline.java:127)
at java.base/java.util.stream.AbstractPipeline.copyIntoWithCancel(AbstractPipeline.java:502)
at java.base/java.util.stream.AbstractPipeline.copyInto(AbstractPipeline.java:488)
at java.base/java.util.stream.AbstractPipeline.wrapAndCopyInto(AbstractPipeline.java:474)
at java.base/java.util.stream.FindOps$FindOp.evaluateSequential(FindOps.java:150)
at java.base/java.util.stream.AbstractPipeline.evaluate(AbstractPipeline.java:234)
at java.base/java.util.stream.ReferencePipeline.findFirst(ReferencePipeline.java:543)
at org.openqa.selenium.remote.ProtocolHandshake.createSession(ProtocolHandshake.java:128)
at org.openqa.selenium.remote.ProtocolHandshake.createSession(ProtocolHandshake.java:74)
at org.openqa.selenium.remote.HttpCommandExecutor.execute(HttpCommandExecutor.java:136)
at org.openqa.selenium.remote.service.DriverCommandExecutor.execute(DriverCommandExecutor.java:83)
at org.openqa.selenium.remote.RemoteWebDriver.execute(RemoteWebDriver.java:552)
at org.openqa.selenium.remote.RemoteWebDriver.startSession(RemoteWebDriver.java:213)
at org.openqa.selenium.remote.RemoteWebDriver.<init>(RemoteWebDriver.java:131)
at org.openqa.selenium.chrome.ChromeDriver.<init>(ChromeDriver.java:181)
at org.openqa.selenium.chrome.ChromeDriver.<init>(ChromeDriver.java:168)
at org.openqa.selenium.chrome.ChromeDriver.<init>(ChromeDriver.java:123)
at com.BaseLayer.BaseClass.initialisation(BaseClass.java:27)
at com.TestLayer.Testing.setup(Testing.java:16)
at java.base/jdk.internal.reflect.NativeMethodAccessorImpl.invoke0(Native Method)
at java.base/jdk.internal.reflect.NativeMethodAccessorImpl.invoke(NativeMethodAccessorImpl.java:64)
at java.base/jdk.internal.reflect.DelegatingMethodAccessorImpl.invoke(DelegatingMethodAccessorImpl.java:43)
at java.base/java.lang.reflect.Method.invoke(Method.java:564)
at org.testng.internal.MethodInvocationHelper.invokeMethod(MethodInvocationHelper.java:132)
at org.testng.internal.MethodInvocationHelper.invokeMethodConsideringTimeout(MethodInvocationHelper.java:61)
at org.testng.internal.ConfigInvoker.invokeConfigurationMethod(ConfigInvoker.java:366)
at org.testng.internal.ConfigInvoker.invokeConfigurations(ConfigInvoker.java:320)
at org.testng.internal.TestMethodWorker.invokeBeforeClassMethods(TestMethodWorker.java:176)
at org.testng.internal.TestMethodWorker.run(TestMethodWorker.java:122)
at java.base/java.util.ArrayList.forEach(ArrayList.java:1511)
at org.testng.TestRunner.privateRun(TestRunner.java:764)
at org.testng.TestRunner.run(TestRunner.java:585)
at org.testng.SuiteRunner.runTest(SuiteRunner.java:384)
at org.testng.SuiteRunner.runSequentially(SuiteRunner.java:378)
at org.testng.SuiteRunner.privateRun(SuiteRunner.java:337)
at org.testng.SuiteRunner.run(SuiteRunner.java:286)
at org.testng.SuiteRunnerWorker.runSuite(SuiteRunnerWorker.java:53)
at org.testng.SuiteRunnerWorker.run(SuiteRunnerWorker.java:96)
at org.testng.TestNG.runSuitesSequentially(TestNG.java:1218)
at org.testng.TestNG.runSuitesLocally(TestNG.java:1140)
at org.testng.TestNG.runSuites(TestNG.java:1069)
at org.testng.TestNG.run(TestNG.java:1037)
at org.testng.remote.AbstractRemoteTestNG.run(AbstractRemoteTestNG.java:115)
at org.testng.remote.RemoteTestNG.initAndRun(RemoteTestNG.java:251)
at org.testng.remote.RemoteTestNG.main(RemoteTestNG.java:77)
]]>
    </error>
  </testcase> <!-- setup -->
  <system-out/>
  <testcase classname="com.TestLayer.Testing" name="acceptforgetpasswordalert" time="0.000">
    <skipped/>
  </testcase> <!-- acceptforgetpasswordalert -->
  <system-out/>
  <testcase classname="com.TestLayer.Testing" name="dismissforgetalert" time="0.000">
    <skipped/>
  </testcase> <!-- dismissforgetalert -->
  <system-out/>
  <testcase classname="com.TestLayer.Testing" name="entermobifforgetpassword" time="0.000">
    <skipped/>
  </testcase> <!-- entermobifforgetpassword -->
  <system-out/>
  <testcase classname="com.TestLayer.Testing" name="checkTitle" time="0.000">
    <skipped/>
  </testcase> <!-- checkTitle -->
  <system-out/>
  <testcase classname="com.TestLayer.Testing" name="passwordvisiblelogo" time="0.000">
    <skipped/>
  </testcase> <!-- passwordvisiblelogo -->
  <system-out/>
  <testcase classname="com.TestLayer.Testing" name="forgetpasswordtitletest" time="0.000">
    <skipped/>
  </testcase> <!-- forgetpasswordtitletest -->
  <system-out/>
  <testcase classname="com.TestLayer.Testing" name="checknewuser" time="0.000">
    <skipped/>
  </testcase> <!-- checknewuser -->
  <system-out/>
  <testcase classname="com.TestLayer.Testing" name="insertusername" time="0.000">
    <skipped/>
  </testcase> <!-- insertusername -->
  <system-out/>
  <testcase classname="com.TestLayer.Testing" name="insertpassword" time="0.000">
    <skipped/>
  </testcase> <!-- insertpassword -->
  <system-out/>
  <testcase classname="com.TestLayer.Testing" name="clickonlogintest" time="0.000">
    <skipped/>
  </testcase> <!-- clickonlogintest -->
  <system-out/>
</testsuite> <!-- com.TestLayer.Testing -->
