<?xml version="1.0" encoding="UTF-8"?>
<!-- Generated by org.testng.reporters.JUnitXMLReporter -->
<testsuite ignored="0" hostname="LAPTOP-Q990A920" failures="0" tests="10" name="Test" time="20.068" errors="0" timestamp="2022-01-23T14:16:59 IST">
  <testcase classname="com.TestLayer.Testing" name="@BeforeClass setup" time="18.622">
    <failure type="org.openqa.selenium.SessionNotCreatedException" message="session not created: This version of ChromeDriver only supports Chrome version 94
Current browser version is 97.0.4692.99 with binary path C:\Program Files\Google\Chrome\Application\chrome.exe
Build info: version: &amp;apos;3.141.59&amp;apos;, revision: &amp;apos;e82be7d358&amp;apos;, time: &amp;apos;2018-11-14T08:17:03&amp;apos;
System info: host: &amp;apos;LAPTOP-Q990A920&amp;apos;, ip: &amp;apos;192.168.0.101&amp;apos;, os.name: &amp;apos;Windows 10&amp;apos;, os.arch: &amp;apos;amd64&amp;apos;, os.version: &amp;apos;10.0&amp;apos;, java.version: &amp;apos;15.0.1&amp;apos;
Driver info: driver.version: ChromeDriver
remote stacktrace: Backtrace:
	Ordinal0 [0x010EBDE3+2473443]
	Ordinal0 [0x01086661+2057825]
	Ordinal0 [0x00F92438+1057848]
	Ordinal0 [0x00FB054A+1181002]
	Ordinal0 [0x00FAC435+1164341]
	Ordinal0 [0x00FA9CAF+1154223]
	Ordinal0 [0x00FD9ADF+1350367]
	Ordinal0 [0x00FD974A+1349450]
	Ordinal0 [0x00FD55AB+1332651]
	Ordinal0 [0x00FB2104+1188100]
	Ordinal0 [0x00FB2F59+1191769]
	GetHandleVerifier [0x01272266+1549718]
	GetHandleVerifier [0x0131D4A7+2250711]
	GetHandleVerifier [0x0117718B+521403]
	GetHandleVerifier [0x01176229+517465]
	Ordinal0 [0x0108B79D+2078621]
	Ordinal0 [0x0108FB58+2095960]
	Ordinal0 [0x0108FC92+2096274]
	Ordinal0 [0x01099541+2135361]
	BaseThreadInitThunk [0x751E6739+25]
	RtlGetFullPathName_UEx [0x771B8AFF+1215]
	RtlGetFullPathName_UEx [0x771B8ACD+1165]
">
      <![CDATA[org.openqa.selenium.SessionNotCreatedException: session not created: This version of ChromeDriver only supports Chrome version 94
Current browser version is 97.0.4692.99 with binary path C:\Program Files\Google\Chrome\Application\chrome.exe
Build info: version: '3.141.59', revision: 'e82be7d358', time: '2018-11-14T08:17:03'
System info: host: 'LAPTOP-Q990A920', ip: '192.168.0.101', os.name: 'Windows 10', os.arch: 'amd64', os.version: '10.0', java.version: '15.0.1'
Driver info: driver.version: ChromeDriver
remote stacktrace: Backtrace:
Ordinal0 [0x010EBDE3+2473443]
Ordinal0 [0x01086661+2057825]
Ordinal0 [0x00F92438+1057848]
Ordinal0 [0x00FB054A+1181002]
Ordinal0 [0x00FAC435+1164341]
Ordinal0 [0x00FA9CAF+1154223]
Ordinal0 [0x00FD9ADF+1350367]
Ordinal0 [0x00FD974A+1349450]
Ordinal0 [0x00FD55AB+1332651]
Ordinal0 [0x00FB2104+1188100]
Ordinal0 [0x00FB2F59+1191769]
GetHandleVerifier [0x01272266+1549718]
GetHandleVerifier [0x0131D4A7+2250711]
GetHandleVerifier [0x0117718B+521403]
GetHandleVerifier [0x01176229+517465]
Ordinal0 [0x0108B79D+2078621]
Ordinal0 [0x0108FB58+2095960]
Ordinal0 [0x0108FC92+2096274]
Ordinal0 [0x01099541+2135361]
BaseThreadInitThunk [0x751E6739+25]
RtlGetFullPathName_UEx [0x771B8AFF+1215]
RtlGetFullPathName_UEx [0x771B8ACD+1165]

at org.openqa.selenium.remote.W3CHandshakeResponse.lambda$errorHandler$0(W3CHandshakeResponse.java:62)
at org.openqa.selenium.remote.HandshakeResponse.lambda$getResponseFunction$0(HandshakeResponse.java:30)
at org.openqa.selenium.remote.ProtocolHandshake.lambda$createSession$0(ProtocolHandshake.java:126)
at java.base/java.util.stream.ReferencePipeline$3$1.accept(ReferencePipeline.java:195)
at java.base/java.util.Spliterators$ArraySpliterator.tryAdvance(Spliterators.java:958)
at java.base/java.util.stream.ReferencePipeline.forEachWithCancel(ReferencePipeline.java:127)
at java.base/java.util.stream.AbstractPipeline.copyIntoWithCancel(AbstractPipeline.java:502)
at java.base/java.util.stream.AbstractPipeline.copyInto(AbstractPipeline.java:488)
at java.base/java.util.stream.AbstractPipeline.wrapAndCopyInto(AbstractPipeline.java:474)
at java.base/java.util.stream.FindOps$FindOp.evaluateSequential(FindOps.java:150)
at java.base/java.util.stream.AbstractPipeline.evaluate(AbstractPipeline.java:234)
at java.base/java.util.stream.ReferencePipeline.findFirst(ReferencePipeline.java:543)
at org.openqa.selenium.remote.ProtocolHandshake.createSession(ProtocolHandshake.java:128)
at org.openqa.selenium.remote.ProtocolHandshake.createSession(ProtocolHandshake.java:74)
at org.openqa.selenium.remote.HttpCommandExecutor.execute(HttpCommandExecutor.java:136)
at org.openqa.selenium.remote.service.DriverCommandExecutor.execute(DriverCommandExecutor.java:83)
at org.openqa.selenium.remote.RemoteWebDriver.execute(RemoteWebDriver.java:552)
at org.openqa.selenium.remote.RemoteWebDriver.startSession(RemoteWebDriver.java:213)
at org.openqa.selenium.remote.RemoteWebDriver.<init>(RemoteWebDriver.java:131)
at org.openqa.selenium.chrome.ChromeDriver.<init>(ChromeDriver.java:181)
at org.openqa.selenium.chrome.ChromeDriver.<init>(ChromeDriver.java:168)
at org.openqa.selenium.chrome.ChromeDriver.<init>(ChromeDriver.java:123)
at com.BaseLayer.BaseClass.initialisation(BaseClass.java:27)
at com.TestLayer.Testing.setup(Testing.java:16)
at java.base/java.util.ArrayList.forEach(ArrayList.java:1511)
... Removed 30 stack frames]]>
    </failure>
  </testcase> <!-- @BeforeClass setup -->
  <testcase classname="com.TestLayer.Testing" name="@AfterClass rundown" time="-1.642927619635E9">
    <skipped/>
  </testcase> <!-- @AfterClass rundown -->
  <testcase classname="com.TestLayer.Testing" name="checkTitle" time="0.0">
    <skipped/>
  </testcase> <!-- checkTitle -->
  <testcase classname="com.TestLayer.Testing" name="passwordvisiblelogo" time="0.0">
    <skipped/>
  </testcase> <!-- passwordvisiblelogo -->
  <testcase classname="com.TestLayer.Testing" name="forgetpasswordtitletest" time="0.0">
    <skipped/>
  </testcase> <!-- forgetpasswordtitletest -->
  <testcase classname="com.TestLayer.Testing" name="entermobifforgetpassword" time="0.0">
    <skipped/>
  </testcase> <!-- entermobifforgetpassword -->
  <testcase classname="com.TestLayer.Testing" name="acceptforgetpasswordalert" time="0.0">
    <skipped/>
  </testcase> <!-- acceptforgetpasswordalert -->
  <testcase classname="com.TestLayer.Testing" name="dismissforgetalert" time="0.0">
    <skipped/>
  </testcase> <!-- dismissforgetalert -->
  <testcase classname="com.TestLayer.Testing" name="checknewuser" time="0.0">
    <skipped/>
  </testcase> <!-- checknewuser -->
  <testcase classname="com.TestLayer.Testing" name="insertusername" time="0.0">
    <skipped/>
  </testcase> <!-- insertusername -->
  <testcase classname="com.TestLayer.Testing" name="insertpassword" time="0.0">
    <skipped/>
  </testcase> <!-- insertpassword -->
  <testcase classname="com.TestLayer.Testing" name="clickonlogintest" time="0.0">
    <skipped/>
  </testcase> <!-- clickonlogintest -->
</testsuite> <!-- Test -->
